<?xml version="1.0" encoding="UTF-8"?><testsuite errors="0" failures="0" name="Sample story" skipped="6" tests="9" time="68.07" timestamp="2018-04-25T14:06:19.590+03:00[Europe/Helsinki]"><testcase name="User account is logged in and logged out"/><testcase name="User account can change currency"/><testcase name="User can filter search by star grade"/><testcase name="User can navigate and logout from Invoice menu"><skipped/></testcase><testcase name="Tours extras should be calculated"><skipped/></testcase><testcase name="User can't log in with valid username and wrong pasword"><skipped/></testcase><testcase name="User can write a review"><skipped/></testcase><testcase name="User can change password"><skipped/></testcase><testcase name="User can search Flights"><skipped/></testcase></testsuite>